<?xml version="1.0" encoding="UTF-8"?>
<testng-results ignored="0" total="2" passed="2" failed="0" skipped="0">
  <reporter-output>
  </reporter-output>
  <suite started-at="2025-09-06T19:20:18 IST" name="Suite" finished-at="2025-09-06T19:20:29 IST" duration-ms="11039">
    <groups>
    </groups>
    <test started-at="2025-09-06T19:20:18 IST" name="Test" finished-at="2025-09-06T19:20:29 IST" duration-ms="11039">
      <class name="Tests.LoginTest">
        <test-method is-config="true" signature="setUp()[pri:0, instance:Tests.LoginTest@35cabb2a]" started-at="2025-09-06T19:20:18 IST" name="setUp" finished-at="2025-09-06T19:20:24 IST" duration-ms="5627" status="PASS">
          <reporter-output>
          </reporter-output>
        </test-method> <!-- setUp -->
        <test-method signature="loginTest()[pri:1, instance:Tests.LoginTest@35cabb2a]" started-at="2025-09-06T19:20:24 IST" name="loginTest" finished-at="2025-09-06T19:20:26 IST" duration-ms="2022" status="PASS">
          <reporter-output>
          </reporter-output>
        </test-method> <!-- loginTest -->
        <test-method signature="userManage()[pri:2, instance:Tests.LoginTest@35cabb2a]" started-at="2025-09-06T19:20:26 IST" name="userManage" finished-at="2025-09-06T19:20:29 IST" depends-on-methods="Tests.LoginTest.loginTest" duration-ms="3331" status="PASS">
          <reporter-output>
          </reporter-output>
        </test-method> <!-- userManage -->
      </class> <!-- Tests.LoginTest -->
    </test> <!-- Test -->
  </suite> <!-- Suite -->
</testng-results>
