<?xml version="1.0" encoding="UTF-8"?>
<testng-results ignored="0" total="2" passed="2" failed="0" skipped="0">
  <reporter-output>
  </reporter-output>
  <suite started-at="2025-09-06T19:55:04 IST" name="Default suite" finished-at="2025-09-06T19:55:17 IST" duration-ms="13537">
    <groups>
    </groups>
    <test started-at="2025-09-06T19:55:04 IST" name="Default test" finished-at="2025-09-06T19:55:17 IST" duration-ms="13537">
      <class name="Tests.LoginTest">
        <test-method is-config="true" signature="setUp()[pri:0, instance:Tests.LoginTest@302552ec]" started-at="2025-09-06T19:55:04 IST" name="setUp" finished-at="2025-09-06T19:55:11 IST" duration-ms="6830" status="PASS">
          <reporter-output>
          </reporter-output>
        </test-method> <!-- setUp -->
        <test-method signature="loginTest()[pri:1, instance:Tests.LoginTest@302552ec]" started-at="2025-09-06T19:55:11 IST" name="loginTest" finished-at="2025-09-06T19:55:13 IST" duration-ms="2149" status="PASS">
          <reporter-output>
          </reporter-output>
        </test-method> <!-- loginTest -->
        <test-method signature="userManage()[pri:2, instance:Tests.LoginTest@302552ec]" started-at="2025-09-06T19:55:13 IST" name="userManage" finished-at="2025-09-06T19:55:17 IST" depends-on-methods="Tests.LoginTest.loginTest" duration-ms="4475" status="PASS">
          <reporter-output>
          </reporter-output>
        </test-method> <!-- userManage -->
      </class> <!-- Tests.LoginTest -->
    </test> <!-- Default test -->
  </suite> <!-- Default suite -->
</testng-results>
